[2017-04-06 18:27:31] KafkaClusterUtils.main - ERROR - [KafkaClusterUtils.getLogSize()] - Can't find Leader for Topic and Partition. Exiting
 [2017-04-06 18:27:32] KafkaClusterUtils.main - ERROR - [KafkaClusterUtils.getLogSize()] - Can't find Leader for Topic and Partition. Exiting
 [2017-04-06 18:27:34] KafkaClusterUtils.main - ERROR - [KafkaClusterUtils.getLogSize()] - Can't find Leader for Topic and Partition. Exiting
 [2017-04-06 18:27:35] KafkaClusterUtils.main - ERROR - [KafkaClusterUtils.getLogSize()] - Can't find Leader for Topic and Partition. Exiting
 [2017-04-06 18:27:36] KafkaClusterUtils.main - ERROR - [KafkaClusterUtils.getLogSize()] - Can't find Leader for Topic and Partition. Exiting
 [2017-04-06 18:27:37] KafkaClusterUtils.main - ERROR - [KafkaClusterUtils.getLogSize()] - Can't find Leader for Topic and Partition. Exiting
 [2017-04-06 18:27:37] OffsetsQuartz.main - ERROR - [Quartz.offsets] has error,msg is: 
 java.lang.NullPointerException
	at java.util.Hashtable.put(Hashtable.java:514)
	at com.kafka.monitor.common.ConsumerGroupCommand.createAdminClient(ConsumerGroupCommand.java:161)
	at com.kafka.monitor.common.ConsumerGroupCommand.getConsumers(ConsumerGroupCommand.java:145)
	at com.kafka.monitor.common.client.GetOffsetInfo.getNewOffsetInfoVersion2(GetOffsetInfo.java:27)
	at cc.triffic.wc.kafkamonitor.quartz.OffsetsQuartz.jobQuartz(OffsetsQuartz.java:37)
	at cc.triffic.wc.kafkamonitor.quartz.OffsetsQuartz.main(OffsetsQuartz.java:170)
	at sun.reflect.NativeMethodAccessorImpl.invoke0(Native Method)
	at sun.reflect.NativeMethodAccessorImpl.invoke(NativeMethodAccessorImpl.java:57)
	at sun.reflect.DelegatingMethodAccessorImpl.invoke(DelegatingMethodAccessorImpl.java:43)
	at java.lang.reflect.Method.invoke(Method.java:606)
	at com.intellij.rt.execution.application.AppMain.main(AppMain.java:134)
[2017-04-06 18:29:20] KafkaClusterUtils.main - ERROR - [KafkaClusterUtils.getLogSize()] - Can't find Leader for Topic and Partition. Exiting
 [2017-04-06 18:29:20] KafkaClusterUtils.main - ERROR - [KafkaClusterUtils.getLogSize()] - Can't find Leader for Topic and Partition. Exiting
 [2017-04-06 18:29:21] KafkaClusterUtils.main - ERROR - [KafkaClusterUtils.getLogSize()] - Can't find Leader for Topic and Partition. Exiting
 [2017-04-06 18:29:21] KafkaClusterUtils.main - ERROR - [KafkaClusterUtils.getLogSize()] - Can't find Leader for Topic and Partition. Exiting
 [2017-04-06 18:29:22] KafkaClusterUtils.main - ERROR - [KafkaClusterUtils.getLogSize()] - Can't find Leader for Topic and Partition. Exiting
 [2017-04-06 18:29:23] KafkaClusterUtils.main - ERROR - [KafkaClusterUtils.getLogSize()] - Can't find Leader for Topic and Partition. Exiting
 [2017-04-06 18:29:23] OffsetsQuartz.main - ERROR - [Quartz.offsets] has error,msg is: 
 java.lang.NullPointerException
	at java.util.Hashtable.put(Hashtable.java:514)
	at com.kafka.monitor.common.ConsumerGroupCommand.createAdminClient(ConsumerGroupCommand.java:161)
	at com.kafka.monitor.common.ConsumerGroupCommand.getConsumers(ConsumerGroupCommand.java:145)
	at com.kafka.monitor.common.client.GetOffsetInfo.getNewOffsetInfoVersion2(GetOffsetInfo.java:27)
	at cc.triffic.wc.kafkamonitor.quartz.OffsetsQuartz.jobQuartz(OffsetsQuartz.java:37)
	at cc.triffic.wc.kafkamonitor.quartz.OffsetsQuartz.main(OffsetsQuartz.java:170)
	at sun.reflect.NativeMethodAccessorImpl.invoke0(Native Method)
	at sun.reflect.NativeMethodAccessorImpl.invoke(NativeMethodAccessorImpl.java:57)
	at sun.reflect.DelegatingMethodAccessorImpl.invoke(DelegatingMethodAccessorImpl.java:43)
	at java.lang.reflect.Method.invoke(Method.java:606)
	at com.intellij.rt.execution.application.AppMain.main(AppMain.java:134)
[2017-04-06 18:30:02] KafkaClusterUtils.main - ERROR - [KafkaClusterUtils.getLogSize()] - Can't find Leader for Topic and Partition. Exiting
 [2017-04-06 18:30:02] KafkaClusterUtils.main - ERROR - [KafkaClusterUtils.getLogSize()] - Can't find Leader for Topic and Partition. Exiting
 [2017-04-06 18:30:03] KafkaClusterUtils.main - ERROR - [KafkaClusterUtils.getLogSize()] - Can't find Leader for Topic and Partition. Exiting
 [2017-04-06 18:30:04] KafkaClusterUtils.main - ERROR - [KafkaClusterUtils.getLogSize()] - Can't find Leader for Topic and Partition. Exiting
 [2017-04-06 18:30:04] KafkaClusterUtils.main - ERROR - [KafkaClusterUtils.getLogSize()] - Can't find Leader for Topic and Partition. Exiting
 [2017-04-06 18:30:05] KafkaClusterUtils.main - ERROR - [KafkaClusterUtils.getLogSize()] - Can't find Leader for Topic and Partition. Exiting
 [2017-04-06 18:30:05] OffsetsQuartz.main - ERROR - [Quartz.offsets] has error,msg is: 
 java.lang.NullPointerException
	at java.util.Hashtable.put(Hashtable.java:514)
	at com.kafka.monitor.common.ConsumerGroupCommand.createAdminClient(ConsumerGroupCommand.java:162)
	at com.kafka.monitor.common.ConsumerGroupCommand.getConsumers(ConsumerGroupCommand.java:145)
	at com.kafka.monitor.common.client.GetOffsetInfo.getNewOffsetInfoVersion2(GetOffsetInfo.java:27)
	at cc.triffic.wc.kafkamonitor.quartz.OffsetsQuartz.jobQuartz(OffsetsQuartz.java:37)
	at cc.triffic.wc.kafkamonitor.quartz.OffsetsQuartz.main(OffsetsQuartz.java:170)
	at sun.reflect.NativeMethodAccessorImpl.invoke0(Native Method)
	at sun.reflect.NativeMethodAccessorImpl.invoke(NativeMethodAccessorImpl.java:57)
	at sun.reflect.DelegatingMethodAccessorImpl.invoke(DelegatingMethodAccessorImpl.java:43)
	at java.lang.reflect.Method.invoke(Method.java:606)
	at com.intellij.rt.execution.application.AppMain.main(AppMain.java:134)
[2017-04-06 18:31:43] KafkaClusterUtils.main - ERROR - [KafkaClusterUtils.getLogSize()] - Can't find Leader for Topic and Partition. Exiting
 [2017-04-06 18:31:43] KafkaClusterUtils.main - ERROR - [KafkaClusterUtils.getLogSize()] - Can't find Leader for Topic and Partition. Exiting
 [2017-04-06 18:31:43] KafkaClusterUtils.main - ERROR - [KafkaClusterUtils.getLogSize()] - Can't find Leader for Topic and Partition. Exiting
 [2017-04-06 18:31:44] KafkaClusterUtils.main - ERROR - [KafkaClusterUtils.getLogSize()] - Can't find Leader for Topic and Partition. Exiting
 [2017-04-06 18:31:45] KafkaClusterUtils.main - ERROR - [KafkaClusterUtils.getLogSize()] - Can't find Leader for Topic and Partition. Exiting
 [2017-04-06 18:31:46] KafkaClusterUtils.main - ERROR - [KafkaClusterUtils.getLogSize()] - Can't find Leader for Topic and Partition. Exiting
 